21:14:46 **** Incremental Build of configuration Release for project 5_zad_1 ****
make all 
Building file: ../main.c
Invoking: AVR Compiler
avr-gcc -Wall -Os -fpack-struct -fshort-enums -ffunction-sections -fdata-sections -std=gnu99 -funsigned-char -funsigned-bitfields -mmcu=atmega328p -DF_CPU=16000000UL -MMD -MP -MF"main.d" -MT"main.o" -c -o "main.o" "../main.c"
Finished building: ../main.c
 
Building target: 5_zad_1.elf
Invoking: AVR C Linker
avr-gcc -Wl,-Map,5_zad_1.map -mmcu=atmega328p -o "5_zad_1.elf"  ./main.o   
Finished building target: 5_zad_1.elf
 
Invoking: AVR Create Extended Listing
avr-objdump -h -S 5_zad_1.elf  >"5_zad_1.lss"
Finished building: 5_zad_1.lss
 
Create Flash image (ihex format)
avr-objcopy -R .eeprom -R .fuse -R .lock -R .signature -O ihex 5_zad_1.elf  "5_zad_1.hex"
Finished building: 5_zad_1.hex
 
Invoking: Print Size
avr-size --format=avr --mcu=atmega328p 5_zad_1.elf
AVR Memory Usage
----------------
Device: atmega328p

Program:     892 bytes (2.7% Full)
(.text + .data + .bootloader)

Data:          7 bytes (0.3% Full)
(.data + .bss + .noinit)


Finished building: sizedummy
 
Invoking: AVRDude
C:\Users\VTS-zaposleni\Downloads\NE BRISATI\eclipse\bin\avrdude -pm328p -carduino -PCOM3 -Uflash:w:5_zad_1.hex:a

avrdude: AVR device initialized and ready to accept instructions

Reading | ################################################## | 100% 0.00s

avrdude: Device signature = 0x1e950f
avrdude: NOTE: FLASH memory has been specified, an erase cycle will be performed
         To disable this feature, specify the -D option.
avrdude: erasing chip
avrdude: reading input file "5_zad_1.hex"
avrdude: input file 5_zad_1.hex auto detected as Intel Hex
avrdude: writing flash (892 bytes):

Writing | ################################################## | 100% 0.14s

avrdude: 892 bytes of flash written
avrdude: verifying flash memory against 5_zad_1.hex:
avrdude: load data flash data from input file 5_zad_1.hex:
avrdude: input file 5_zad_1.hex auto detected as Intel Hex
avrdude: input file 5_zad_1.hex contains 892 bytes
avrdude: reading on-chip flash data:

Reading | ################################################## | 100% 0.11s

avrdude: verifying ...
avrdude: 892 bytes of flash verified

avrdude done.  Thank you.

Finished building: avrdudedummy
 

21:14:49 Build Finished. 0 errors, 0 warnings. (took 3s.193ms)

